<?xml version="1.0" encoding="UTF-8"?>
<!-- Generated by org.testng.reporters.JUnitReportReporter -->
<testsuite hostname="DESKTOP-G9Q285A" name="com.java.test.ex.TestEx" tests="1" failures="0" timestamp="19 May 2016 23:21:27 GMT" time="0.016" errors="0">
  <testcase name="sampleTest" time="0.016" classname="com.java.test.ex.TestEx"/>
</testsuite> <!-- com.java.test.ex.TestEx -->
