<?xml version="1.0" encoding="UTF-8"?>
<!-- Generated by org.testng.reporters.JUnitReportReporter -->
<testsuite hostname="DESKTOP-G9Q285A" name="com.java.test.ex.AppTest" tests="1" failures="0" timestamp="19 May 2016 23:21:27 GMT" time="0.025" errors="0">
  <testcase name="testingfn" time="0.025" classname="com.java.test.ex.AppTest"/>
</testsuite> <!-- com.java.test.ex.AppTest -->
