<?xml version="1.0" encoding="UTF-8"?>
<!-- Generated by org.testng.reporters.JUnitReportReporter -->
<testsuite hostname="DESKTOP-G9Q285A" name="com.java.test.ex.SecondTestclass" tests="2" failures="0" timestamp="19 May 2016 23:21:27 GMT" time="0.002" errors="0">
  <testcase name="secondTest" time="0.001" classname="com.java.test.ex.SecondTestclass"/>
  <testcase name="thirdTest" time="0.001" classname="com.java.test.ex.SecondTestclass"/>
</testsuite> <!-- com.java.test.ex.SecondTestclass -->
